#-----------------------------------------------------------
# Vivado v2019.2 (64-bit)
# SW Build 2708876 on Wed Nov  6 21:40:23 MST 2019
# IP Build 2700528 on Thu Nov  7 00:09:20 MST 2019
# Start of session at: Fri Oct  4 20:44:29 2024
# Process ID: 62028
# Current directory: D:/DigitalLogic/EGO1/rs_flip_flop_1_EGO1
# Command line: vivado.exe -gui_launcher_event rodinguilauncherevent61260 D:\DigitalLogic\EGO1\rs_flip_flop_1_EGO1\rs_flip_flop_1_EGO1.xpr
# Log file: D:/DigitalLogic/EGO1/rs_flip_flop_1_EGO1/vivado.log
# Journal file: D:/DigitalLogic/EGO1/rs_flip_flop_1_EGO1\vivado.jou
#-----------------------------------------------------------
start_gui
open_project D:/DigitalLogic/EGO1/rs_flip_flop_1_EGO1/rs_flip_flop_1_EGO1.xpr
Scanning sources...
Finished scanning sources
INFO: [IP_Flow 19-234] Refreshing IP repositories
INFO: [IP_Flow 19-1704] No user IP repositories specified
INFO: [IP_Flow 19-2313] Loaded Vivado IP repository 'D:/Xilinx/Vivado/2019.2/data/ip'.
exit
INFO: [Common 17-206] Exiting Vivadexit
INFO: [Common 17-206] Exiting Vivado at Fri Oct  4 20:45:06 2024...
