Copyright 1986-2019 Xilinx, Inc. All Rights Reserved.
---------------------------------------------------------------------------------------
| Tool Version : Vivado v.2019.2 (win64) Build 2708876 Wed Nov  6 21:40:23 MST 2019
| Date         : Thu Nov 14 10:29:55 2024
| Host         : DESKTOP-CSQVPR3 running 64-bit major release  (build 9200)
| Command      : report_control_sets -verbose -file demux8_exe_control_sets_placed.rpt
| Design       : demux8_exe
| Device       : xc7a35t
---------------------------------------------------------------------------------------

Control Set Information

Table of Contents
-----------------
1. Summary
2. Histogram
3. Flip-Flop Distribution
4. Detailed Control Set Information

1. Summary
----------

+----------------------------------------------------------+-------+
|                          Status                          | Count |
+----------------------------------------------------------+-------+
| Total control sets                                       |     8 |
|    Minimum number of control sets                        |     8 |
|    Addition due to synthesis replication                 |     0 |
|    Addition due to physical synthesis replication        |     0 |
| Unused register locations in slices containing registers |    56 |
+----------------------------------------------------------+-------+
* Control sets can be merged at opt_design using control_set_merge or merge_equivalent_drivers
** Run report_qor_suggestions for automated merging and remapping suggestions


2. Histogram
------------

+--------------------+-------+
|       Fanout       | Count |
+--------------------+-------+
| Total control sets |     8 |
| >= 0 to < 4        |     8 |
| >= 4 to < 6        |     0 |
| >= 6 to < 8        |     0 |
| >= 8 to < 10       |     0 |
| >= 10 to < 12      |     0 |
| >= 12 to < 14      |     0 |
| >= 14 to < 16      |     0 |
| >= 16              |     0 |
+--------------------+-------+
* Control sets can be remapped at either synth_design or opt_design


3. Flip-Flop Distribution
-------------------------

+--------------+-----------------------+------------------------+-----------------+--------------+
| Clock Enable | Synchronous Set/Reset | Asynchronous Set/Reset | Total Registers | Total Slices |
+--------------+-----------------------+------------------------+-----------------+--------------+
| No           | No                    | No                     |               1 |            1 |
| No           | No                    | Yes                    |               0 |            0 |
| No           | Yes                   | No                     |               7 |            7 |
| Yes          | No                    | No                     |               0 |            0 |
| Yes          | No                    | Yes                    |               0 |            0 |
| Yes          | Yes                   | No                     |               0 |            0 |
+--------------+-----------------------+------------------------+-----------------+--------------+


4. Detailed Control Set Information
-----------------------------------

+--------------------------+---------------+------------------+------------------+----------------+
|       Clock Signal       | Enable Signal | Set/Reset Signal | Slice Load Count | Bel Load Count |
+--------------------------+---------------+------------------+------------------+----------------+
|  U/y1_reg/G0             |               |                  |                1 |              1 |
|  U/y0_reg_i_2_n_0        |               | U/y0_reg_i_3_n_0 |                1 |              1 |
|  U/y2_reg_i_2_n_0        |               | U/y2_reg_i_3_n_0 |                1 |              1 |
|  U/y4_reg_i_2_n_0        |               | U/y4_reg_i_3_n_0 |                1 |              1 |
|  U/y3_reg_i_2_n_0        |               | U/y3_reg_i_3_n_0 |                1 |              1 |
|  U/y7_inferred__1/i__n_0 |               | U/y7_reg_i_2_n_0 |                1 |              1 |
|  U/y5_reg_i_2_n_0        |               | U/y5_reg_i_3_n_0 |                1 |              1 |
|  U/y6_reg_i_2_n_0        |               | U/y6_reg_i_3_n_0 |                1 |              1 |
+--------------------------+---------------+------------------+------------------+----------------+


