#-----------------------------------------------------------
# Vivado v2019.2 (64-bit)
# SW Build 2708876 on Wed Nov  6 21:40:23 MST 2019
# IP Build 2700528 on Thu Nov  7 00:09:20 MST 2019
# Start of session at: Sun Nov  3 15:06:53 2024
# Process ID: 28544
# Current directory: D:/DigitalLogic/实验/实验四/example_5_3_EGO1
# Command line: vivado.exe -gui_launcher_event rodinguilauncherevent18704 D:\DigitalLogic\实验\实验四\example_5_3_EGO1\example_5_3_EGO1.xpr
# Log file: D:/DigitalLogic/实验/实验四/example_5_3_EGO1/vivado.log
# Journal file: D:/DigitalLogic/实验/实验四/example_5_3_EGO1\vivado.jou
#-----------------------------------------------------------
start_gui
open_project D:/DigitalLogic/实验/实验四/example_5_3_EGO1/example_5_3_EGO1.xpr
INFO: [Project 1-313] Project file moved from 'D:/DigitalLogic/EGO1/example_5_3_EGO1' since last save.
Scanning sources...
Finished scanning sources
INFO: [IP_Flow 19-234] Refreshing IP repositories
INFO: [IP_Flow 19-1704] No user IP repositories specified
INFO: [IP_Flow 19-2313] Loaded Vivado IP repository 'D:/Xilinx/Vivado/2019.2/data/ip'.
update_compile_order -fileset sources_1
exit
INFO: [Common 17-206] Exiting Vivado at Sun Nov  3 15:07:16 2024...
